[1m============================= test session starts ==============================[0m
platform darwin -- Python 3.10.19, pytest-9.0.2, pluggy-1.6.0 -- /Users/bard/miniconda3/envs/myenv/bin/python3.10
cachedir: .pytest_cache
rootdir: /Users/bard/Documents/RAG
configfile: pytest.ini
plugins: playwright-0.7.2, anyio-4.11.0, jaxtyping-0.3.4, base-url-2.1.0, hydra-core-1.3.2, cov-7.0.0
[1mcollecting ... [0mcollected 12 items / 1 skipped

amprenta_rag/tests/ml/test_qsar_datasets.py::test_normalize_to_nm_various_units [32mPASSED[0m[33m [  8%][0m
amprenta_rag/tests/ml/test_qsar_datasets.py::test_aggregate_ic50_median [32mPASSED[0m[33m [ 16%][0m
amprenta_rag/tests/ml/test_qsar_datasets.py::test_load_target_chembl [32mPASSED[0m[33m [ 25%][0m
amprenta_rag/tests/ml/test_qsar_datasets.py::test_load_target_validates_criteria [32mPASSED[0m[33m [ 33%][0m
amprenta_rag/tests/ml/test_qsar_predictor.py::test_list_available_targets [32mPASSED[0m[33m [ 41%][0m
amprenta_rag/tests/ml/test_qsar_predictor.py::test_predict_returns_probabilities [32mPASSED[0m[33m [ 50%][0m
amprenta_rag/tests/ml/test_qsar_predictor.py::test_predict_invalid_smiles [32mPASSED[0m[33m [ 58%][0m
amprenta_rag/tests/ml/test_qsar_predictor.py::test_predict_missing_model_handled [32mPASSED[0m[33m [ 66%][0m
amprenta_rag/tests/api/test_qsar_api.py::test_list_targets_endpoint [32mPASSED[0m[33m [ 75%][0m
amprenta_rag/tests/api/test_qsar_api.py::test_predict_endpoint_returns_results [32mPASSED[0m[33m [ 83%][0m
amprenta_rag/tests/api/test_qsar_api.py::test_predict_endpoint_limit_enforced [32mPASSED[0m[33m [ 91%][0m
amprenta_rag/tests/e2e/test_target_qsar_page.py::test_target_qsar_page_loads[chromium] [32mPASSED[0m[33m [100%][0m

[33m================= [32m12 passed[0m, [33m[1m1 skipped[0m, [33m[1m68 warnings[0m[33m in 13.60s[0m[33m ==================[0m
